<?xml version="1.0" encoding="UTF-8"?>
<coverage generated="1774269698311" clover="3.2.0">
  <project timestamp="1774269698311" name="All files">
    <metrics statements="13" coveredstatements="9" conditionals="0" coveredconditionals="0" methods="5" coveredmethods="3" elements="18" coveredelements="12" complexity="0" loc="13" ncloc="13" packages="1" files="2" classes="2"/>
    <file name="api-service.js" path="C:\Users\Ellio\Skrivbord\Fullstack\03-DevOps-och-testning\devops sandbox\lektion_4\04-api-tests-solutions-with-CI-CD\src\api-service.js">
      <metrics statements="7" coveredstatements="3" conditionals="0" coveredconditionals="0" methods="3" coveredmethods="1"/>
      <line num="1" count="1" type="stmt"/>
      <line num="4" count="1" type="stmt"/>
      <line num="6" count="1" type="stmt"/>
      <line num="10" count="0" type="stmt"/>
      <line num="11" count="0" type="stmt"/>
      <line num="15" count="0" type="stmt"/>
      <line num="16" count="0" type="stmt"/>
    </file>
    <file name="app-model.js" path="C:\Users\Ellio\Skrivbord\Fullstack\03-DevOps-och-testning\devops sandbox\lektion_4\04-api-tests-solutions-with-CI-CD\src\app-model.js">
      <metrics statements="6" coveredstatements="6" conditionals="0" coveredconditionals="0" methods="2" coveredmethods="2"/>
      <line num="3" count="2" type="stmt"/>
      <line num="4" count="2" type="stmt"/>
      <line num="5" count="2" type="stmt"/>
      <line num="9" count="1" type="stmt"/>
      <line num="10" count="1" type="stmt"/>
      <line num="11" count="1" type="stmt"/>
    </file>
  </project>
</coverage>
