{"C:\\Users\\Ellio\\Skrivbord\\Fullstack\\03-DevOps-och-testning\\devops sandbox\\lektion_4\\04-api-tests-solutions-with-CI-CD\\src\\api-service.js": {"path":"C:\\Users\\Ellio\\Skrivbord\\Fullstack\\03-DevOps-och-testning\\devops sandbox\\lektion_4\\04-api-tests-solutions-with-CI-CD\\src\\api-service.js","statementMap":{"0":{"start":{"line":1,"column":17},"end":{"line":1,"column":40}},"1":{"start":{"line":4,"column":12},"end":{"line":4,"column":44}},"2":{"start":{"line":6,"column":2},"end":{"line":6,"column":20}},"3":{"start":{"line":10,"column":12},"end":{"line":10,"column":49}},"4":{"start":{"line":11,"column":2},"end":{"line":11,"column":20}},"5":{"start":{"line":15,"column":12},"end":{"line":15,"column":55}},"6":{"start":{"line":16,"column":2},"end":{"line":16,"column":20}}},"fnMap":{"0":{"name":"fetchPosts","decl":{"start":{"line":3,"column":22},"end":{"line":3,"column":32}},"loc":{"start":{"line":3,"column":35},"end":{"line":7,"column":1}},"line":3},"1":{"name":"fetchTags","decl":{"start":{"line":9,"column":22},"end":{"line":9,"column":31}},"loc":{"start":{"line":9,"column":34},"end":{"line":12,"column":1}},"line":9},"2":{"name":"fetchPostsByTag","decl":{"start":{"line":14,"column":22},"end":{"line":14,"column":37}},"loc":{"start":{"line":14,"column":43},"end":{"line":17,"column":1}},"line":14}},"branchMap":{},"s":{"0":1,"1":1,"2":1,"3":0,"4":0,"5":0,"6":0},"f":{"0":1,"1":0,"2":0},"b":{},"meta":{"lastBranch":0,"lastFunction":3,"lastStatement":7,"seen":{"s:1:17:1:40":0,"f:3:22:3:32":0,"s:4:12:4:44":1,"s:6:2:6:20":2,"f:9:22:9:31":1,"s:10:12:10:49":3,"s:11:2:11:20":4,"f:14:22:14:37":2,"s:15:12:15:55":5,"s:16:2:16:20":6}}}
,"C:\\Users\\Ellio\\Skrivbord\\Fullstack\\03-DevOps-och-testning\\devops sandbox\\lektion_4\\04-api-tests-solutions-with-CI-CD\\src\\app-model.js": {"path":"C:\\Users\\Ellio\\Skrivbord\\Fullstack\\03-DevOps-och-testning\\devops sandbox\\lektion_4\\04-api-tests-solutions-with-CI-CD\\src\\app-model.js","statementMap":{"0":{"start":{"line":3,"column":4},"end":{"line":3,"column":20}},"1":{"start":{"line":4,"column":4},"end":{"line":4,"column":19}},"2":{"start":{"line":5,"column":4},"end":{"line":5,"column":28}},"3":{"start":{"line":9,"column":4},"end":{"line":9,"column":20}},"4":{"start":{"line":10,"column":4},"end":{"line":10,"column":19}},"5":{"start":{"line":11,"column":4},"end":{"line":11,"column":28}}},"fnMap":{"0":{"name":"(anonymous_0)","decl":{"start":{"line":2,"column":2},"end":{"line":2,"column":13}},"loc":{"start":{"line":2,"column":16},"end":{"line":6,"column":3}},"line":2},"1":{"name":"(anonymous_1)","decl":{"start":{"line":8,"column":2},"end":{"line":8,"column":7}},"loc":{"start":{"line":8,"column":10},"end":{"line":12,"column":3}},"line":8}},"branchMap":{},"s":{"0":2,"1":2,"2":2,"3":1,"4":1,"5":1},"f":{"0":2,"1":1},"b":{},"meta":{"lastBranch":0,"lastFunction":2,"lastStatement":6,"seen":{"f:2:2:2:13":0,"s:3:4:3:20":0,"s:4:4:4:19":1,"s:5:4:5:28":2,"f:8:2:8:7":1,"s:9:4:9:20":3,"s:10:4:10:19":4,"s:11:4:11:28":5}}}
}
